  [4;36;1mSQL (0.1ms)[0m   [0;1mSET SQL_AUTO_IS_NULL=0[0m
  [4;35;1mSQL (0.4ms)[0m   [0mSHOW TABLES[0m
  [4;36;1mSQL (19.6ms)[0m   [0;1mCREATE TABLE `schema_migrations` (`version` varchar(255) NOT NULL) ENGINE=InnoDB[0m
  [4;35;1mSQL (0.4ms)[0m   [0mSHOW KEYS FROM `schema_migrations`[0m
  [4;36;1mSQL (10.9ms)[0m   [0;1mCREATE UNIQUE INDEX `unique_schema_migrations` ON `schema_migrations` (`version`)[0m
  [4;35;1mSQL (0.3ms)[0m   [0mSHOW TABLES[0m
  [4;36;1mSQL (0.2ms)[0m   [0;1mSELECT version FROM schema_migrations[0m
Migrating to CreateStanzas (20100826213342)
  [4;35;1mSQL (9.7ms)[0m   [0mCREATE TABLE `stanzas` (`id` int(11) DEFAULT NULL auto_increment PRIMARY KEY, `user_id` int(11) NOT NULL, `title` varchar(255) NOT NULL, `body` text, `created_at` datetime, `updated_at` datetime) ENGINE=InnoDB[0m
  [4;36;1mSQL (0.5ms)[0m   [0;1mINSERT INTO schema_migrations (version) VALUES ('20100826213342')[0m
  [4;35;1mSQL (0.3ms)[0m   [0mSHOW TABLES[0m
  [4;36;1mSQL (0.1ms)[0m   [0;1mSELECT version FROM schema_migrations[0m
  [4;35;1mSQL (0.2ms)[0m   [0mSHOW TABLES[0m
  [4;36;1mSQL (0.9ms)[0m   [0;1mSHOW FIELDS FROM `stanzas`[0m
  [4;35;1mSQL (0.7ms)[0m   [0mdescribe `stanzas`[0m
  [4;36;1mSQL (0.2ms)[0m   [0;1mSHOW KEYS FROM `stanzas`[0m
  [4;36;1mSQL (0.1ms)[0m   [0;1mSET SQL_AUTO_IS_NULL=0[0m


Processing ApplicationController#index (for 127.0.0.1 at 2010-08-26 16:39:12) [GET]

ActionController::RoutingError (No route matches "/" with {:method=>:get}):
  thin (1.2.7) lib/thin/connection.rb:76:in `pre_process'
  thin (1.2.7) lib/thin/connection.rb:74:in `catch'
  thin (1.2.7) lib/thin/connection.rb:74:in `pre_process'
  thin (1.2.7) lib/thin/connection.rb:57:in `process'
  thin (1.2.7) lib/thin/connection.rb:42:in `receive_data'
  eventmachine (0.12.10) lib/eventmachine.rb:256:in `run_machine'
  eventmachine (0.12.10) lib/eventmachine.rb:256:in `run'
  thin (1.2.7) lib/thin/backends/base.rb:57:in `start'
  thin (1.2.7) lib/thin/server.rb:156:in `start'

Rendering rescues/layout (not_found)
  [4;36;1mSQL (0.1ms)[0m   [0;1mSET SQL_AUTO_IS_NULL=0[0m


Processing WelcomeController#index (for 127.0.0.1 at 2010-08-26 16:40:06) [GET]

ActionView::MissingTemplate (Missing template welcome/index.erb in view path app/views):
  thin (1.2.7) lib/thin/connection.rb:76:in `pre_process'
  thin (1.2.7) lib/thin/connection.rb:74:in `catch'
  thin (1.2.7) lib/thin/connection.rb:74:in `pre_process'
  thin (1.2.7) lib/thin/connection.rb:57:in `process'
  thin (1.2.7) lib/thin/connection.rb:42:in `receive_data'
  eventmachine (0.12.10) lib/eventmachine.rb:256:in `run_machine'
  eventmachine (0.12.10) lib/eventmachine.rb:256:in `run'
  thin (1.2.7) lib/thin/backends/base.rb:57:in `start'
  thin (1.2.7) lib/thin/server.rb:156:in `start'

Rendering rescues/layout (internal_server_error)
  [4;36;1mSQL (0.1ms)[0m   [0;1mSET SQL_AUTO_IS_NULL=0[0m


Processing WelcomeController#index (for 127.0.0.1 at 2010-08-26 16:40:23) [GET]
Rendering welcome/index
Completed in 7ms (View: 6, DB: 0) | 200 OK [http://localhost/]
